#
# A fatal error has been detected by the Java Runtime Environment:
#
#  EXCEPTION_ACCESS_VIOLATION (0xc0000005) at pc=0x000002db61871f66, pid=5412, tid=10204
#
# JRE version: Java(TM) SE Runtime Environment (25.0.2+10) (build 25.0.2+10-LTS-69)
# Java VM: Java HotSpot(TM) 64-Bit Server VM (25.0.2+10-LTS-69, mixed mode, sharing, tiered, compressed oops, compressed class ptrs, g1 gc, windows-amd64)
# Problematic frame:
# v  ~StubRoutines::jbyte_disjoint_arraycopy 0x000002db61871f66
#
# No core dump will be written. Minidumps are not enabled by default on client versions of Windows
#
# If you would like to submit a bug report, please visit:
#   https://bugreport.java.com/bugreport/crash.jsp
#

---------------  S U M M A R Y ------------

Command Line: -Ddebugger.agent.enable.coroutines=true -Ddebugger.async.stack.trace.for.all.threads=true -Dkotlinx.coroutines.debug.enable.creation.stack.trace=false -Dkotlinx.coroutines.debug.enable.flows.stack.trace=true -Dkotlinx.coroutines.debug.enable.mutable.state.flows.stack.trace=true -agentlib:jdwp=transport=dt_socket,server=n,suspend=y,address=127.0.0.1:56968 -javaagent:C:\Users\Tyler\AppData\Local\JetBrains\IntelliJIdea2026.1\captureAgent\debugger-agent.jar=file:///C:/Users/Tyler/AppData/Local/Temp/capture15492833984229361616.props -Dfile.encoding=UTF-8 -Duser.country=US -Duser.language=en -Duser.variant org.conspiracraft.Main

Host: 12th Gen Intel(R) Core(TM) i5-12600K, 16 cores, 31G,  Windows 11 , 64 bit Build 26100 (10.0.26100.8115)
Time: Wed Apr  8 14:00:42 2026 Eastern Daylight Time elapsed time: 49.261687 seconds (0d 0h 0m 49s)

---------------  T H R E A D  ---------------

Current thread (0x000002db50148840):  JavaThread "main"             [_thread_in_vm, id=10204, stack(0x000000f918800000,0x000000f918900000) (1024K)]

Stack: [0x000000f918800000,0x000000f918900000],  sp=0x000000f9188fe950,  free space=1018k
Native frames: (J=compiled Java code, j=interpreted, Vv=VM code, C=native code)
